<?xml version="1.0" encoding="UTF-8"?>
<!-- Generated by org.testng.reporters.JUnitReportReporter -->
<testsuite hostname="DESKTOP-DAL8TCK" failures="0" tests="3" name="com.SwagLab.UITest.TestCases.T1_LoginTest" time="0.230" errors="0" timestamp="2025-08-19T20:29:28 IST" skipped="0">
  <testcase classname="com.SwagLab.UITest.TestCases.T1_LoginTest" name="verifyUrl" time="0.009"/>
  <testcase classname="com.SwagLab.UITest.TestCases.T1_LoginTest" name="verifyTitle" time="0.004"/>
  <testcase classname="com.SwagLab.UITest.TestCases.T1_LoginTest" name="validateLoginFunctionality" time="0.217"/>
</testsuite> <!-- com.SwagLab.UITest.TestCases.T1_LoginTest -->
