<?xml version="1.0" encoding="UTF-8"?>
<!-- Generated by org.testng.reporters.JUnitReportReporter -->
<testsuite hostname="DESKTOP-DAL8TCK" failures="0" tests="3" name="com.SwagLab.UITest.TestCases.T1_LoginTest" time="0.173" errors="0" timestamp="2025-08-22T20:20:11 IST" skipped="0">
  <testcase classname="com.SwagLab.UITest.TestCases.T1_LoginTest" name="verifyUrl" time="0.010"/>
  <testcase classname="com.SwagLab.UITest.TestCases.T1_LoginTest" name="verifyTitle" time="0.003"/>
  <testcase classname="com.SwagLab.UITest.TestCases.T1_LoginTest" name="validateLoginFunctionality" time="0.160"/>
</testsuite> <!-- com.SwagLab.UITest.TestCases.T1_LoginTest -->
