<?xml version="1.0" encoding="UTF-8"?>
<!-- Generated by org.testng.reporters.JUnitReportReporter -->
<testsuite hostname="DESKTOP-DAL8TCK" failures="0" tests="3" name="com.SwagLab.UITest.TestCases.T1_LoginTest" time="3.557" errors="0" timestamp="2025-08-26T12:19:22 IST" skipped="0">
  <testcase classname="com.SwagLab.UITest.TestCases.T1_LoginTest" name="verifyUrl" time="1.010"/>
  <testcase classname="com.SwagLab.UITest.TestCases.T1_LoginTest" name="verifyTitle" time="1.015"/>
  <testcase classname="com.SwagLab.UITest.TestCases.T1_LoginTest" name="validateLoginFunctionality" time="1.532"/>
</testsuite> <!-- com.SwagLab.UITest.TestCases.T1_LoginTest -->
