<?xml version="1.0" encoding="UTF-8"?>
<!-- Generated by org.testng.reporters.JUnitReportReporter -->
<testsuite hostname="DESKTOP-DAL8TCK" failures="0" tests="2" name="com.SwagLab.UITest.TestCases.T5_OverviewTest" time="2.102" errors="0" timestamp="2025-08-26T12:19:22 IST" skipped="0">
  <testcase classname="com.SwagLab.UITest.TestCases.T5_OverviewTest" name="verifyPayment" time="1.049"/>
  <testcase classname="com.SwagLab.UITest.TestCases.T5_OverviewTest" name="validateChekout" time="1.053"/>
</testsuite> <!-- com.SwagLab.UITest.TestCases.T5_OverviewTest -->
