<?xml version="1.0" encoding="UTF-8"?>
<!-- Generated by org.testng.reporters.JUnitReportReporter -->
<testsuite hostname="DESKTOP-DAL8TCK" failures="0" tests="1" name="com.SwagLab.UITest.TestCases.T5_OverviewTest" time="0.005" errors="0" timestamp="2025-08-22T16:12:20 IST" skipped="0">
  <testcase classname="com.SwagLab.UITest.TestCases.T5_OverviewTest" name="f" time="0.005"/>
</testsuite> <!-- com.SwagLab.UITest.TestCases.T5_OverviewTest -->
