<?xml version="1.0" encoding="UTF-8"?>
<!-- Generated by org.testng.reporters.JUnitReportReporter -->
<testsuite hostname="DESKTOP-DAL8TCK" failures="0" tests="1" name="com.SwagLab.UITest.TestCases.T4_CheckoutTest" time="1.142" errors="0" timestamp="2025-08-25T14:16:49 IST" skipped="0">
  <testcase classname="com.SwagLab.UITest.TestCases.T4_CheckoutTest" name="validateCheckout" time="1.142"/>
</testsuite> <!-- com.SwagLab.UITest.TestCases.T4_CheckoutTest -->
