<?xml version="1.0" encoding="UTF-8"?>
<!-- Generated by org.testng.reporters.JUnitReportReporter -->
<testsuite hostname="DESKTOP-DAL8TCK" failures="0" tests="4" name="com.SwagLab.UITest.TestCases.T2_InventoryTest" time="0.199" errors="0" timestamp="2025-08-22T20:20:11 IST" skipped="0">
  <testcase classname="com.SwagLab.UITest.TestCases.T2_InventoryTest" name="verifyProductCount" time="0.011"/>
  <testcase classname="com.SwagLab.UITest.TestCases.T2_InventoryTest" name="verifyProductDetails" time="0.047"/>
  <testcase classname="com.SwagLab.UITest.TestCases.T2_InventoryTest" name="validateAddToCart" time="0.098"/>
  <testcase classname="com.SwagLab.UITest.TestCases.T2_InventoryTest" name="verifyCartPageLaunch" time="0.043"/>
</testsuite> <!-- com.SwagLab.UITest.TestCases.T2_InventoryTest -->
