<?xml version="1.0" encoding="UTF-8"?>
<!-- Generated by org.testng.reporters.JUnitReportReporter -->
<testsuite hostname="DESKTOP-DAL8TCK" failures="0" tests="4" name="com.SwagLab.UITest.TestCases.T3_CartTest" time="4.270" errors="0" timestamp="2025-08-26T11:30:40 IST" skipped="0">
  <testcase classname="com.SwagLab.UITest.TestCases.T3_CartTest" name="verifyTotalProductsInCart" time="1.021"/>
  <testcase classname="com.SwagLab.UITest.TestCases.T3_CartTest" name="validateRemoveProduct" time="1.044"/>
  <testcase classname="com.SwagLab.UITest.TestCases.T3_CartTest" name="validateContinueShopping" time="1.156"/>
  <testcase classname="com.SwagLab.UITest.TestCases.T3_CartTest" name="validateContinueCheckOut" time="1.049"/>
</testsuite> <!-- com.SwagLab.UITest.TestCases.T3_CartTest -->
