<?xml version="1.0" encoding="UTF-8"?>
<!-- Generated by org.testng.reporters.JUnitReportReporter -->
<testsuite hostname="DESKTOP-DAL8TCK" failures="0" tests="1" name="com.SwagLab.UITest.TestCases.T4_CheckoutTest" time="2.238" errors="0" timestamp="2025-08-26T11:30:40 IST" skipped="0">
  <testcase classname="com.SwagLab.UITest.TestCases.T4_CheckoutTest" name="validateCheckout" time="2.238"/>
</testsuite> <!-- com.SwagLab.UITest.TestCases.T4_CheckoutTest -->
